# JRE version: Java(TM) SE Runtime Environment (8.0_05-b13) (build 1.8.0_05-b13)
# Java VM: Java HotSpot(TM) 64-Bit Server VM (25.5-b02 mixed mode linux-amd64 compressed oops)
Heap:
 def new generation   total 1152K, used 933K [0x00000000f4600000, 0x00000000f4740000, 0x00000000f8400000)
  eden space 1024K,  78% used [0x00000000f4600000, 0x00000000f46c9798, 0x00000000f4700000)
  from space 128K, 100% used [0x00000000f4700000, 0x00000000f4720000, 0x00000000f4720000)
  to   space 128K,   0% used [0x00000000f4720000, 0x00000000f4720000, 0x00000000f4740000)
 tenured generation   total 11008K, used 1804K [0x00000000f8400000, 0x00000000f8ec0000, 0x0000000100000000)
   the space 11008K,  16% used [0x00000000f8400000, 0x00000000f85c3140, 0x00000000f85c3200, 0x00000000f8ec0000)
 Metaspace       used 6438K, capacity 6540K, committed 6656K, reserved 1056768K
  class space    used 733K, capacity 762K, committed 768K, reserved 1048576K
GC Heap History (10 events):
Event: 0.622 GC heap before
{Heap before GC invocations=5 (full 0):
 def new generation   total 1152K, used 1138K [0x00000000f4600000, 0x00000000f4740000, 0x00000000f8400000)
  eden space 1024K,  98% used [0x00000000f4600000, 0x00000000f46fc908, 0x00000000f4700000)
  from space 128K,  99% used [0x00000000f4720000, 0x00000000f473fff0, 0x00000000f4740000)
  to   space 128K,   0% used [0x00000000f4700000, 0x00000000f4700000, 0x00000000f4720000)
 tenured generation   total 11008K, used 990K [0x00000000f8400000, 0x00000000f8ec0000, 0x0000000100000000)
   the space 11008K,   8% used [0x00000000f8400000, 0x00000000f84f7940, 0x00000000f84f7a00, 0x00000000f8ec0000)
 Metaspace       used 4294K, capacity 5376K, committed 5504K, reserved 1056768K
  class space    used 515K, capacity 560K, committed 640K, reserved 1048576K
Event: 0.622 GC heap after
Heap after GC invocations=6 (full 0):
 def new generation   total 1152K, used 128K [0x00000000f4600000, 0x00000000f4740000, 0x00000000f8400000)
  eden space 1024K,   0% used [0x00000000f4600000, 0x00000000f4600000, 0x00000000f4700000)
  from space 128K, 100% used [0x00000000f4700000, 0x00000000f4720000, 0x00000000f4720000)
  to   space 128K,   0% used [0x00000000f4720000, 0x00000000f4720000, 0x00000000f4740000)
 tenured generation   total 11008K, used 1101K [0x00000000f8400000, 0x00000000f8ec0000, 0x0000000100000000)
   the space 11008K,  10% used [0x00000000f8400000, 0x00000000f8513450, 0x00000000f8513600, 0x00000000f8ec0000)
 Metaspace       used 4294K, capacity 5376K, committed 5504K, reserved 1056768K
  class space    used 515K, capacity 560K, committed 640K, reserved 1048576K
}
Event: 0.693 GC heap before
{Heap before GC invocations=6 (full 0):
 def new generation   total 1152K, used 1150K [0x00000000f4600000, 0x00000000f4740000, 0x00000000f8400000)
  eden space 1024K,  99% used [0x00000000f4600000, 0x00000000f46ffa68, 0x00000000f4700000)
  from space 128K, 100% used [0x00000000f4700000, 0x00000000f4720000, 0x00000000f4720000)
  to   space 128K,   0% used [0x00000000f4720000, 0x00000000f4720000, 0x00000000f4740000)
 tenured generation   total 11008K, used 1101K [0x00000000f8400000, 0x00000000f8ec0000, 0x0000000100000000)
   the space 11008K,  10% used [0x00000000f8400000, 0x00000000f8513450, 0x00000000f8513600, 0x00000000f8ec0000)
 Metaspace       used 4835K, capacity 5600K, committed 5760K, reserved 1056768K
  class space    used 574K, capacity 592K, committed 640K, reserved 1048576K
Event: 0.694 GC heap after
Heap after GC invocations=7 (full 0):
 def new generation   total 1152K, used 128K [0x00000000f4600000, 0x00000000f4740000, 0x00000000f8400000)
  eden space 1024K,   0% used [0x00000000f4600000, 0x00000000f4600000, 0x00000000f4700000)
  from space 128K, 100% used [0x00000000f4720000, 0x00000000f4740000, 0x00000000f4740000)
  to   space 128K,   0% used [0x00000000f4700000, 0x00000000f4700000, 0x00000000f4720000)
 tenured generation   total 11008K, used 1336K [0x00000000f8400000, 0x00000000f8ec0000, 0x0000000100000000)
   the space 11008K,  12% used [0x00000000f8400000, 0x00000000f854e108, 0x00000000f854e200, 0x00000000f8ec0000)
 Metaspace       used 4835K, capacity 5600K, committed 5760K, reserved 1056768K
  class space    used 574K, capacity 592K, committed 640K, reserved 1048576K
}
Event: 0.776 GC heap before
{Heap before GC invocations=7 (full 0):
 def new generation   total 1152K, used 1152K [0x00000000f4600000, 0x00000000f4740000, 0x00000000f8400000)
  eden space 1024K, 100% used [0x00000000f4600000, 0x00000000f4700000, 0x00000000f4700000)
  from space 128K, 100% used [0x00000000f4720000, 0x00000000f4740000, 0x00000000f4740000)
  to   space 128K,   0% used [0x00000000f4700000, 0x00000000f4700000, 0x00000000f4720000)
 tenured generation   total 11008K, used 1336K [0x00000000f8400000, 0x00000000f8ec0000, 0x0000000100000000)
   the space 11008K,  12% used [0x00000000f8400000, 0x00000000f854e108, 0x00000000f854e200, 0x00000000f8ec0000)
 Metaspace       used 5192K, capacity 5952K, committed 6016K, reserved 1056768K
  class space    used 598K, capacity 624K, committed 640K, reserved 1048576K
Event: 0.777 GC heap after
Heap after GC invocations=8 (full 0):
 def new generation   total 1152K, used 127K [0x00000000f4600000, 0x00000000f4740000, 0x00000000f8400000)
  eden space 1024K,   0% used [0x00000000f4600000, 0x00000000f4600000, 0x00000000f4700000)
  from space 128K,  99% used [0x00000000f4700000, 0x00000000f471fff8, 0x00000000f4720000)
  to   space 128K,   0% used [0x00000000f4720000, 0x00000000f4720000, 0x00000000f4740000)
 tenured generation   total 11008K, used 1505K [0x00000000f8400000, 0x00000000f8ec0000, 0x0000000100000000)
   the space 11008K,  13% used [0x00000000f8400000, 0x00000000f8578630, 0x00000000f8578800, 0x00000000f8ec0000)
 Metaspace       used 5192K, capacity 5952K, committed 6016K, reserved 1056768K
  class space    used 598K, capacity 624K, committed 640K, reserved 1048576K
}
Event: 1.018 GC heap before
{Heap before GC invocations=8 (full 0):
 def new generation   total 1152K, used 1151K [0x00000000f4600000, 0x00000000f4740000, 0x00000000f8400000)
  eden space 1024K, 100% used [0x00000000f4600000, 0x00000000f4700000, 0x00000000f4700000)
  from space 128K,  99% used [0x00000000f4700000, 0x00000000f471fff8, 0x00000000f4720000)
  to   space 128K,   0% used [0x00000000f4720000, 0x00000000f4720000, 0x00000000f4740000)
 tenured generation   total 11008K, used 1505K [0x00000000f8400000, 0x00000000f8ec0000, 0x0000000100000000)
   the space 11008K,  13% used [0x00000000f8400000, 0x00000000f8578630, 0x00000000f8578800, 0x00000000f8ec0000)
 Metaspace       used 5387K, capacity 6112K, committed 6400K, reserved 1056768K
  class space    used 627K, capacity 656K, committed 768K, reserved 1048576K
Event: 1.018 GC heap after
Heap after GC invocations=9 (full 0):
 def new generation   total 1152K, used 128K [0x00000000f4600000, 0x00000000f4740000, 0x00000000f8400000)
  eden space 1024K,   0% used [0x00000000f4600000, 0x00000000f4600000, 0x00000000f4700000)
  from space 128K, 100% used [0x00000000f4720000, 0x00000000f4740000, 0x00000000f4740000)
  to   space 128K,   0% used [0x00000000f4700000, 0x00000000f4700000, 0x00000000f4720000)
 tenured generation   total 11008K, used 1563K [0x00000000f8400000, 0x00000000f8ec0000, 0x0000000100000000)
   the space 11008K,  14% used [0x00000000f8400000, 0x00000000f8586e38, 0x00000000f8587000, 0x00000000f8ec0000)
 Metaspace       used 5387K, capacity 6112K, committed 6400K, reserved 1056768K
  class space    used 627K, capacity 656K, committed 768K, reserved 1048576K
}
Event: 1.192 GC heap before
{Heap before GC invocations=9 (full 0):
 def new generation   total 1152K, used 1152K [0x00000000f4600000, 0x00000000f4740000, 0x00000000f8400000)
  eden space 1024K, 100% used [0x00000000f4600000, 0x00000000f4700000, 0x00000000f4700000)
  from space 128K, 100% used [0x00000000f4720000, 0x00000000f4740000, 0x00000000f4740000)
  to   space 128K,   0% used [0x00000000f4700000, 0x00000000f4700000, 0x00000000f4720000)
 tenured generation   total 11008K, used 1563K [0x00000000f8400000, 0x00000000f8ec0000, 0x0000000100000000)
   the space 11008K,  14% used [0x00000000f8400000, 0x00000000f8586e38, 0x00000000f8587000, 0x00000000f8ec0000)
 Metaspace       used 6284K, capacity 6368K, committed 6656K, reserved 1056768K
  class space    used 717K, capacity 728K, committed 768K, reserved 1048576K
Event: 1.195 GC heap after
Heap after GC invocations=10 (full 0):
 def new generation   total 1152K, used 128K [0x00000000f4600000, 0x00000000f4740000, 0x00000000f8400000)
  eden space 1024K,   0% used [0x00000000f4600000, 0x00000000f4600000, 0x00000000f4700000)
  from space 128K, 100% used [0x00000000f4700000, 0x00000000f4720000, 0x00000000f4720000)
  to   space 128K,   0% used [0x00000000f4720000, 0x00000000f4720000, 0x00000000f4740000)
 tenured generation   total 11008K, used 1804K [0x00000000f8400000, 0x00000000f8ec0000, 0x0000000100000000)
   the space 11008K,  16% used [0x00000000f8400000, 0x00000000f85c3140, 0x00000000f85c3200, 0x00000000f8ec0000)
 Metaspace       used 6284K, capacity 6368K, committed 6656K, reserved 1056768K
  class space    used 717K, capacity 728K, committed 768K, reserved 1048576K
}

